[2020-06-19 07:14:10] laravel.EMERGENCY: Unable to create configured logger. Using emergency logger. {"exception":"[object] (InvalidArgumentException(code: 0): Log [] is not defined. at C:\\Users\\Samm\\Desktop\\Backend-Team-207\\src\\Team-207-Backend\\vendor\\laravel\\framework\\src\\Illuminate\\Log\\LogManager.php:192)
[stacktrace]
#0 C:\\Users\\Samm\\Desktop\\Backend-Team-207\\src\\Team-207-Backend\\vendor\\laravel\\framework\\src\\Illuminate\\Log\\LogManager.php(118): Illuminate\\Log\\LogManager->resolve(NULL)
#1 C:\\Users\\Samm\\Desktop\\Backend-Team-207\\src\\Team-207-Backend\\vendor\\laravel\\framework\\src\\Illuminate\\Log\\LogManager.php(98): Illuminate\\Log\\LogManager->get(NULL)
#2 C:\\Users\\Samm\\Desktop\\Backend-Team-207\\src\\Team-207-Backend\\vendor\\laravel\\framework\\src\\Illuminate\\Log\\LogManager.php(547): Illuminate\\Log\\LogManager->driver()
#3 C:\\Users\\Samm\\Desktop\\Backend-Team-207\\src\\Team-207-Backend\\vendor\\laravel\\framework\\src\\Illuminate\\Foundation\\Exceptions\\Handler.php(122): Illuminate\\Log\\LogManager->error('Directory name ...', Array)
#4 C:\\Users\\Samm\\Desktop\\Backend-Team-207\\src\\Team-207-Backend\\app\\Exceptions\\Handler.php(39): Illuminate\\Foundation\\Exceptions\\Handler->report(Object(RuntimeException))
#5 C:\\Users\\Samm\\Desktop\\Backend-Team-207\\src\\Team-207-Backend\\vendor\\laravel\\framework\\src\\Illuminate\\Foundation\\Console\\Kernel.php(366): App\\Exceptions\\Handler->report(Object(RuntimeException))
#6 C:\\Users\\Samm\\Desktop\\Backend-Team-207\\src\\Team-207-Backend\\vendor\\laravel\\framework\\src\\Illuminate\\Foundation\\Console\\Kernel.php(131): Illuminate\\Foundation\\Console\\Kernel->reportException(Object(RuntimeException))
#7 C:\\Users\\Samm\\Desktop\\Backend-Team-207\\src\\Team-207-Backend\\artisan(37): Illuminate\\Foundation\\Console\\Kernel->handle(Object(Symfony\\Component\\Console\\Input\\ArgvInput), Object(Symfony\\Component\\Console\\Output\\ConsoleOutput))
#8 {main}
"} 
[2020-06-19 07:14:10] laravel.ERROR: Directory name must not be empty. {"exception":"[object] (RuntimeException(code: 0): Directory name must not be empty. at C:\\Users\\Samm\\Desktop\\Backend-Team-207\\src\\Team-207-Backend\\vendor\\symfony\\finder\\Iterator\\RecursiveDirectoryIterator.php:48)
[stacktrace]
#0 C:\\Users\\Samm\\Desktop\\Backend-Team-207\\src\\Team-207-Backend\\vendor\\symfony\\finder\\Iterator\\RecursiveDirectoryIterator.php(48): RecursiveDirectoryIterator->__construct('', 4096)
#1 C:\\Users\\Samm\\Desktop\\Backend-Team-207\\src\\Team-207-Backend\\vendor\\symfony\\finder\\Finder.php(730): Symfony\\Component\\Finder\\Iterator\\RecursiveDirectoryIterator->__construct('', 4096, false)
#2 C:\\Users\\Samm\\Desktop\\Backend-Team-207\\src\\Team-207-Backend\\vendor\\symfony\\finder\\Finder.php(614): Symfony\\Component\\Finder\\Finder->searchInDirectory('')
#3 C:\\Users\\Samm\\Desktop\\Backend-Team-207\\src\\Team-207-Backend\\vendor\\laravel\\framework\\src\\Illuminate\\Foundation\\Bootstrap\\LoadConfiguration.php(88): Symfony\\Component\\Finder\\Finder->getIterator()
#4 C:\\Users\\Samm\\Desktop\\Backend-Team-207\\src\\Team-207-Backend\\vendor\\laravel\\framework\\src\\Illuminate\\Foundation\\Bootstrap\\LoadConfiguration.php(65): Illuminate\\Foundation\\Bootstrap\\LoadConfiguration->getConfigurationFiles(Object(Illuminate\\Foundation\\Application))
#5 C:\\Users\\Samm\\Desktop\\Backend-Team-207\\src\\Team-207-Backend\\vendor\\laravel\\framework\\src\\Illuminate\\Foundation\\Bootstrap\\LoadConfiguration.php(39): Illuminate\\Foundation\\Bootstrap\\LoadConfiguration->loadConfigurationFiles(Object(Illuminate\\Foundation\\Application), Object(Illuminate\\Config\\Repository))
#6 C:\\Users\\Samm\\Desktop\\Backend-Team-207\\src\\Team-207-Backend\\vendor\\laravel\\framework\\src\\Illuminate\\Foundation\\Application.php(230): Illuminate\\Foundation\\Bootstrap\\LoadConfiguration->bootstrap(Object(Illuminate\\Foundation\\Application))
#7 C:\\Users\\Samm\\Desktop\\Backend-Team-207\\src\\Team-207-Backend\\vendor\\laravel\\framework\\src\\Illuminate\\Foundation\\Console\\Kernel.php(310): Illuminate\\Foundation\\Application->bootstrapWith(Array)
#8 C:\\Users\\Samm\\Desktop\\Backend-Team-207\\src\\Team-207-Backend\\vendor\\laravel\\framework\\src\\Illuminate\\Foundation\\Console\\Kernel.php(127): Illuminate\\Foundation\\Console\\Kernel->bootstrap()
#9 C:\\Users\\Samm\\Desktop\\Backend-Team-207\\src\\Team-207-Backend\\artisan(37): Illuminate\\Foundation\\Console\\Kernel->handle(Object(Symfony\\Component\\Console\\Input\\ArgvInput), Object(Symfony\\Component\\Console\\Output\\ConsoleOutput))
#10 {main}
"} 
[2020-06-19 20:13:40] laravel.EMERGENCY: Unable to create configured logger. Using emergency logger. {"exception":"[object] (InvalidArgumentException(code: 0): Log [] is not defined. at C:\\Users\\Samm\\Desktop\\Backend-Team-207\\src\\Team-207-Backend\\vendor\\laravel\\framework\\src\\Illuminate\\Log\\LogManager.php:192)
[stacktrace]
#0 C:\\Users\\Samm\\Desktop\\Backend-Team-207\\src\\Team-207-Backend\\vendor\\laravel\\framework\\src\\Illuminate\\Log\\LogManager.php(118): Illuminate\\Log\\LogManager->resolve(NULL)
#1 C:\\Users\\Samm\\Desktop\\Backend-Team-207\\src\\Team-207-Backend\\vendor\\laravel\\framework\\src\\Illuminate\\Log\\LogManager.php(98): Illuminate\\Log\\LogManager->get(NULL)
#2 C:\\Users\\Samm\\Desktop\\Backend-Team-207\\src\\Team-207-Backend\\vendor\\laravel\\framework\\src\\Illuminate\\Log\\LogManager.php(547): Illuminate\\Log\\LogManager->driver()
#3 C:\\Users\\Samm\\Desktop\\Backend-Team-207\\src\\Team-207-Backend\\vendor\\laravel\\framework\\src\\Illuminate\\Foundation\\Exceptions\\Handler.php(122): Illuminate\\Log\\LogManager->error('Directory name ...', Array)
#4 C:\\Users\\Samm\\Desktop\\Backend-Team-207\\src\\Team-207-Backend\\app\\Exceptions\\Handler.php(39): Illuminate\\Foundation\\Exceptions\\Handler->report(Object(RuntimeException))
#5 C:\\Users\\Samm\\Desktop\\Backend-Team-207\\src\\Team-207-Backend\\vendor\\laravel\\framework\\src\\Illuminate\\Foundation\\Console\\Kernel.php(366): App\\Exceptions\\Handler->report(Object(RuntimeException))
#6 C:\\Users\\Samm\\Desktop\\Backend-Team-207\\src\\Team-207-Backend\\vendor\\laravel\\framework\\src\\Illuminate\\Foundation\\Console\\Kernel.php(131): Illuminate\\Foundation\\Console\\Kernel->reportException(Object(RuntimeException))
#7 C:\\Users\\Samm\\Desktop\\Backend-Team-207\\src\\Team-207-Backend\\artisan(37): Illuminate\\Foundation\\Console\\Kernel->handle(Object(Symfony\\Component\\Console\\Input\\ArgvInput), Object(Symfony\\Component\\Console\\Output\\ConsoleOutput))
#8 {main}
"} 
[2020-06-19 20:13:40] laravel.ERROR: Directory name must not be empty. {"exception":"[object] (RuntimeException(code: 0): Directory name must not be empty. at C:\\Users\\Samm\\Desktop\\Backend-Team-207\\src\\Team-207-Backend\\vendor\\symfony\\finder\\Iterator\\RecursiveDirectoryIterator.php:48)
[stacktrace]
#0 C:\\Users\\Samm\\Desktop\\Backend-Team-207\\src\\Team-207-Backend\\vendor\\symfony\\finder\\Iterator\\RecursiveDirectoryIterator.php(48): RecursiveDirectoryIterator->__construct('', 4096)
#1 C:\\Users\\Samm\\Desktop\\Backend-Team-207\\src\\Team-207-Backend\\vendor\\symfony\\finder\\Finder.php(730): Symfony\\Component\\Finder\\Iterator\\RecursiveDirectoryIterator->__construct('', 4096, false)
#2 C:\\Users\\Samm\\Desktop\\Backend-Team-207\\src\\Team-207-Backend\\vendor\\symfony\\finder\\Finder.php(614): Symfony\\Component\\Finder\\Finder->searchInDirectory('')
#3 C:\\Users\\Samm\\Desktop\\Backend-Team-207\\src\\Team-207-Backend\\vendor\\laravel\\framework\\src\\Illuminate\\Foundation\\Bootstrap\\LoadConfiguration.php(88): Symfony\\Component\\Finder\\Finder->getIterator()
#4 C:\\Users\\Samm\\Desktop\\Backend-Team-207\\src\\Team-207-Backend\\vendor\\laravel\\framework\\src\\Illuminate\\Foundation\\Bootstrap\\LoadConfiguration.php(65): Illuminate\\Foundation\\Bootstrap\\LoadConfiguration->getConfigurationFiles(Object(Illuminate\\Foundation\\Application))
#5 C:\\Users\\Samm\\Desktop\\Backend-Team-207\\src\\Team-207-Backend\\vendor\\laravel\\framework\\src\\Illuminate\\Foundation\\Bootstrap\\LoadConfiguration.php(39): Illuminate\\Foundation\\Bootstrap\\LoadConfiguration->loadConfigurationFiles(Object(Illuminate\\Foundation\\Application), Object(Illuminate\\Config\\Repository))
#6 C:\\Users\\Samm\\Desktop\\Backend-Team-207\\src\\Team-207-Backend\\vendor\\laravel\\framework\\src\\Illuminate\\Foundation\\Application.php(230): Illuminate\\Foundation\\Bootstrap\\LoadConfiguration->bootstrap(Object(Illuminate\\Foundation\\Application))
#7 C:\\Users\\Samm\\Desktop\\Backend-Team-207\\src\\Team-207-Backend\\vendor\\laravel\\framework\\src\\Illuminate\\Foundation\\Console\\Kernel.php(310): Illuminate\\Foundation\\Application->bootstrapWith(Array)
#8 C:\\Users\\Samm\\Desktop\\Backend-Team-207\\src\\Team-207-Backend\\vendor\\laravel\\framework\\src\\Illuminate\\Foundation\\Console\\Kernel.php(127): Illuminate\\Foundation\\Console\\Kernel->bootstrap()
#9 C:\\Users\\Samm\\Desktop\\Backend-Team-207\\src\\Team-207-Backend\\artisan(37): Illuminate\\Foundation\\Console\\Kernel->handle(Object(Symfony\\Component\\Console\\Input\\ArgvInput), Object(Symfony\\Component\\Console\\Output\\ConsoleOutput))
#10 {main}
"} 
[2020-06-19 20:52:25] laravel.EMERGENCY: Unable to create configured logger. Using emergency logger. {"exception":"[object] (InvalidArgumentException(code: 0): Log [] is not defined. at C:\\Users\\Samm\\Desktop\\Backend-Team-207\\src\\Team-207-Backend\\vendor\\laravel\\framework\\src\\Illuminate\\Log\\LogManager.php:192)
[stacktrace]
#0 C:\\Users\\Samm\\Desktop\\Backend-Team-207\\src\\Team-207-Backend\\vendor\\laravel\\framework\\src\\Illuminate\\Log\\LogManager.php(118): Illuminate\\Log\\LogManager->resolve(NULL)
#1 C:\\Users\\Samm\\Desktop\\Backend-Team-207\\src\\Team-207-Backend\\vendor\\laravel\\framework\\src\\Illuminate\\Log\\LogManager.php(98): Illuminate\\Log\\LogManager->get(NULL)
#2 C:\\Users\\Samm\\Desktop\\Backend-Team-207\\src\\Team-207-Backend\\vendor\\laravel\\framework\\src\\Illuminate\\Log\\LogManager.php(547): Illuminate\\Log\\LogManager->driver()
#3 C:\\Users\\Samm\\Desktop\\Backend-Team-207\\src\\Team-207-Backend\\vendor\\laravel\\framework\\src\\Illuminate\\Foundation\\Exceptions\\Handler.php(122): Illuminate\\Log\\LogManager->error('Directory name ...', Array)
#4 C:\\Users\\Samm\\Desktop\\Backend-Team-207\\src\\Team-207-Backend\\app\\Exceptions\\Handler.php(39): Illuminate\\Foundation\\Exceptions\\Handler->report(Object(RuntimeException))
#5 C:\\Users\\Samm\\Desktop\\Backend-Team-207\\src\\Team-207-Backend\\vendor\\laravel\\framework\\src\\Illuminate\\Foundation\\Console\\Kernel.php(366): App\\Exceptions\\Handler->report(Object(RuntimeException))
#6 C:\\Users\\Samm\\Desktop\\Backend-Team-207\\src\\Team-207-Backend\\vendor\\laravel\\framework\\src\\Illuminate\\Foundation\\Console\\Kernel.php(131): Illuminate\\Foundation\\Console\\Kernel->reportException(Object(RuntimeException))
#7 C:\\Users\\Samm\\Desktop\\Backend-Team-207\\src\\Team-207-Backend\\artisan(37): Illuminate\\Foundation\\Console\\Kernel->handle(Object(Symfony\\Component\\Console\\Input\\ArgvInput), Object(Symfony\\Component\\Console\\Output\\ConsoleOutput))
#8 {main}
"} 
[2020-06-19 20:52:25] laravel.ERROR: Directory name must not be empty. {"exception":"[object] (RuntimeException(code: 0): Directory name must not be empty. at C:\\Users\\Samm\\Desktop\\Backend-Team-207\\src\\Team-207-Backend\\vendor\\symfony\\finder\\Iterator\\RecursiveDirectoryIterator.php:48)
[stacktrace]
#0 C:\\Users\\Samm\\Desktop\\Backend-Team-207\\src\\Team-207-Backend\\vendor\\symfony\\finder\\Iterator\\RecursiveDirectoryIterator.php(48): RecursiveDirectoryIterator->__construct('', 4096)
#1 C:\\Users\\Samm\\Desktop\\Backend-Team-207\\src\\Team-207-Backend\\vendor\\symfony\\finder\\Finder.php(730): Symfony\\Component\\Finder\\Iterator\\RecursiveDirectoryIterator->__construct('', 4096, false)
#2 C:\\Users\\Samm\\Desktop\\Backend-Team-207\\src\\Team-207-Backend\\vendor\\symfony\\finder\\Finder.php(614): Symfony\\Component\\Finder\\Finder->searchInDirectory('')
#3 C:\\Users\\Samm\\Desktop\\Backend-Team-207\\src\\Team-207-Backend\\vendor\\laravel\\framework\\src\\Illuminate\\Foundation\\Bootstrap\\LoadConfiguration.php(88): Symfony\\Component\\Finder\\Finder->getIterator()
#4 C:\\Users\\Samm\\Desktop\\Backend-Team-207\\src\\Team-207-Backend\\vendor\\laravel\\framework\\src\\Illuminate\\Foundation\\Bootstrap\\LoadConfiguration.php(65): Illuminate\\Foundation\\Bootstrap\\LoadConfiguration->getConfigurationFiles(Object(Illuminate\\Foundation\\Application))
#5 C:\\Users\\Samm\\Desktop\\Backend-Team-207\\src\\Team-207-Backend\\vendor\\laravel\\framework\\src\\Illuminate\\Foundation\\Bootstrap\\LoadConfiguration.php(39): Illuminate\\Foundation\\Bootstrap\\LoadConfiguration->loadConfigurationFiles(Object(Illuminate\\Foundation\\Application), Object(Illuminate\\Config\\Repository))
#6 C:\\Users\\Samm\\Desktop\\Backend-Team-207\\src\\Team-207-Backend\\vendor\\laravel\\framework\\src\\Illuminate\\Foundation\\Application.php(230): Illuminate\\Foundation\\Bootstrap\\LoadConfiguration->bootstrap(Object(Illuminate\\Foundation\\Application))
#7 C:\\Users\\Samm\\Desktop\\Backend-Team-207\\src\\Team-207-Backend\\vendor\\laravel\\framework\\src\\Illuminate\\Foundation\\Console\\Kernel.php(310): Illuminate\\Foundation\\Application->bootstrapWith(Array)
#8 C:\\Users\\Samm\\Desktop\\Backend-Team-207\\src\\Team-207-Backend\\vendor\\laravel\\framework\\src\\Illuminate\\Foundation\\Console\\Kernel.php(127): Illuminate\\Foundation\\Console\\Kernel->bootstrap()
#9 C:\\Users\\Samm\\Desktop\\Backend-Team-207\\src\\Team-207-Backend\\artisan(37): Illuminate\\Foundation\\Console\\Kernel->handle(Object(Symfony\\Component\\Console\\Input\\ArgvInput), Object(Symfony\\Component\\Console\\Output\\ConsoleOutput))
#10 {main}
"} 
[2020-06-19 22:16:12] laravel.EMERGENCY: Unable to create configured logger. Using emergency logger. {"exception":"[object] (InvalidArgumentException(code: 0): Log [] is not defined. at C:\\Users\\Samm\\Desktop\\Backend-Team-207\\src\\Team-207-Backend\\vendor\\laravel\\framework\\src\\Illuminate\\Log\\LogManager.php:192)
[stacktrace]
#0 C:\\Users\\Samm\\Desktop\\Backend-Team-207\\src\\Team-207-Backend\\vendor\\laravel\\framework\\src\\Illuminate\\Log\\LogManager.php(118): Illuminate\\Log\\LogManager->resolve(NULL)
#1 C:\\Users\\Samm\\Desktop\\Backend-Team-207\\src\\Team-207-Backend\\vendor\\laravel\\framework\\src\\Illuminate\\Log\\LogManager.php(98): Illuminate\\Log\\LogManager->get(NULL)
#2 C:\\Users\\Samm\\Desktop\\Backend-Team-207\\src\\Team-207-Backend\\vendor\\laravel\\framework\\src\\Illuminate\\Log\\LogManager.php(547): Illuminate\\Log\\LogManager->driver()
#3 C:\\Users\\Samm\\Desktop\\Backend-Team-207\\src\\Team-207-Backend\\vendor\\laravel\\framework\\src\\Illuminate\\Foundation\\Exceptions\\Handler.php(122): Illuminate\\Log\\LogManager->error('Directory name ...', Array)
#4 C:\\Users\\Samm\\Desktop\\Backend-Team-207\\src\\Team-207-Backend\\app\\Exceptions\\Handler.php(39): Illuminate\\Foundation\\Exceptions\\Handler->report(Object(RuntimeException))
#5 C:\\Users\\Samm\\Desktop\\Backend-Team-207\\src\\Team-207-Backend\\vendor\\laravel\\framework\\src\\Illuminate\\Foundation\\Console\\Kernel.php(366): App\\Exceptions\\Handler->report(Object(RuntimeException))
#6 C:\\Users\\Samm\\Desktop\\Backend-Team-207\\src\\Team-207-Backend\\vendor\\laravel\\framework\\src\\Illuminate\\Foundation\\Console\\Kernel.php(131): Illuminate\\Foundation\\Console\\Kernel->reportException(Object(RuntimeException))
#7 C:\\Users\\Samm\\Desktop\\Backend-Team-207\\src\\Team-207-Backend\\artisan(37): Illuminate\\Foundation\\Console\\Kernel->handle(Object(Symfony\\Component\\Console\\Input\\ArgvInput), Object(Symfony\\Component\\Console\\Output\\ConsoleOutput))
#8 {main}
"} 
[2020-06-19 22:16:12] laravel.ERROR: Directory name must not be empty. {"exception":"[object] (RuntimeException(code: 0): Directory name must not be empty. at C:\\Users\\Samm\\Desktop\\Backend-Team-207\\src\\Team-207-Backend\\vendor\\symfony\\finder\\Iterator\\RecursiveDirectoryIterator.php:48)
[stacktrace]
#0 C:\\Users\\Samm\\Desktop\\Backend-Team-207\\src\\Team-207-Backend\\vendor\\symfony\\finder\\Iterator\\RecursiveDirectoryIterator.php(48): RecursiveDirectoryIterator->__construct('', 4096)
#1 C:\\Users\\Samm\\Desktop\\Backend-Team-207\\src\\Team-207-Backend\\vendor\\symfony\\finder\\Finder.php(730): Symfony\\Component\\Finder\\Iterator\\RecursiveDirectoryIterator->__construct('', 4096, false)
#2 C:\\Users\\Samm\\Desktop\\Backend-Team-207\\src\\Team-207-Backend\\vendor\\symfony\\finder\\Finder.php(614): Symfony\\Component\\Finder\\Finder->searchInDirectory('')
#3 C:\\Users\\Samm\\Desktop\\Backend-Team-207\\src\\Team-207-Backend\\vendor\\laravel\\framework\\src\\Illuminate\\Foundation\\Bootstrap\\LoadConfiguration.php(88): Symfony\\Component\\Finder\\Finder->getIterator()
#4 C:\\Users\\Samm\\Desktop\\Backend-Team-207\\src\\Team-207-Backend\\vendor\\laravel\\framework\\src\\Illuminate\\Foundation\\Bootstrap\\LoadConfiguration.php(65): Illuminate\\Foundation\\Bootstrap\\LoadConfiguration->getConfigurationFiles(Object(Illuminate\\Foundation\\Application))
#5 C:\\Users\\Samm\\Desktop\\Backend-Team-207\\src\\Team-207-Backend\\vendor\\laravel\\framework\\src\\Illuminate\\Foundation\\Bootstrap\\LoadConfiguration.php(39): Illuminate\\Foundation\\Bootstrap\\LoadConfiguration->loadConfigurationFiles(Object(Illuminate\\Foundation\\Application), Object(Illuminate\\Config\\Repository))
#6 C:\\Users\\Samm\\Desktop\\Backend-Team-207\\src\\Team-207-Backend\\vendor\\laravel\\framework\\src\\Illuminate\\Foundation\\Application.php(230): Illuminate\\Foundation\\Bootstrap\\LoadConfiguration->bootstrap(Object(Illuminate\\Foundation\\Application))
#7 C:\\Users\\Samm\\Desktop\\Backend-Team-207\\src\\Team-207-Backend\\vendor\\laravel\\framework\\src\\Illuminate\\Foundation\\Console\\Kernel.php(310): Illuminate\\Foundation\\Application->bootstrapWith(Array)
#8 C:\\Users\\Samm\\Desktop\\Backend-Team-207\\src\\Team-207-Backend\\vendor\\laravel\\framework\\src\\Illuminate\\Foundation\\Console\\Kernel.php(127): Illuminate\\Foundation\\Console\\Kernel->bootstrap()
#9 C:\\Users\\Samm\\Desktop\\Backend-Team-207\\src\\Team-207-Backend\\artisan(37): Illuminate\\Foundation\\Console\\Kernel->handle(Object(Symfony\\Component\\Console\\Input\\ArgvInput), Object(Symfony\\Component\\Console\\Output\\ConsoleOutput))
#10 {main}
"} 
[2020-06-19 22:29:34] laravel.EMERGENCY: Unable to create configured logger. Using emergency logger. {"exception":"[object] (InvalidArgumentException(code: 0): Log [] is not defined. at C:\\Users\\Samm\\Desktop\\Backend-Team-207\\src\\Team-207-Backend\\vendor\\laravel\\framework\\src\\Illuminate\\Log\\LogManager.php:192)
[stacktrace]
#0 C:\\Users\\Samm\\Desktop\\Backend-Team-207\\src\\Team-207-Backend\\vendor\\laravel\\framework\\src\\Illuminate\\Log\\LogManager.php(118): Illuminate\\Log\\LogManager->resolve(NULL)
#1 C:\\Users\\Samm\\Desktop\\Backend-Team-207\\src\\Team-207-Backend\\vendor\\laravel\\framework\\src\\Illuminate\\Log\\LogManager.php(98): Illuminate\\Log\\LogManager->get(NULL)
#2 C:\\Users\\Samm\\Desktop\\Backend-Team-207\\src\\Team-207-Backend\\vendor\\laravel\\framework\\src\\Illuminate\\Log\\LogManager.php(547): Illuminate\\Log\\LogManager->driver()
#3 C:\\Users\\Samm\\Desktop\\Backend-Team-207\\src\\Team-207-Backend\\vendor\\laravel\\framework\\src\\Illuminate\\Foundation\\Exceptions\\Handler.php(122): Illuminate\\Log\\LogManager->error('Directory name ...', Array)
#4 C:\\Users\\Samm\\Desktop\\Backend-Team-207\\src\\Team-207-Backend\\app\\Exceptions\\Handler.php(39): Illuminate\\Foundation\\Exceptions\\Handler->report(Object(RuntimeException))
#5 C:\\Users\\Samm\\Desktop\\Backend-Team-207\\src\\Team-207-Backend\\vendor\\laravel\\framework\\src\\Illuminate\\Foundation\\Console\\Kernel.php(366): App\\Exceptions\\Handler->report(Object(RuntimeException))
#6 C:\\Users\\Samm\\Desktop\\Backend-Team-207\\src\\Team-207-Backend\\vendor\\laravel\\framework\\src\\Illuminate\\Foundation\\Console\\Kernel.php(131): Illuminate\\Foundation\\Console\\Kernel->reportException(Object(RuntimeException))
#7 C:\\Users\\Samm\\Desktop\\Backend-Team-207\\src\\Team-207-Backend\\artisan(37): Illuminate\\Foundation\\Console\\Kernel->handle(Object(Symfony\\Component\\Console\\Input\\ArgvInput), Object(Symfony\\Component\\Console\\Output\\ConsoleOutput))
#8 {main}
"} 
[2020-06-19 22:29:34] laravel.ERROR: Directory name must not be empty. {"exception":"[object] (RuntimeException(code: 0): Directory name must not be empty. at C:\\Users\\Samm\\Desktop\\Backend-Team-207\\src\\Team-207-Backend\\vendor\\symfony\\finder\\Iterator\\RecursiveDirectoryIterator.php:48)
[stacktrace]
#0 C:\\Users\\Samm\\Desktop\\Backend-Team-207\\src\\Team-207-Backend\\vendor\\symfony\\finder\\Iterator\\RecursiveDirectoryIterator.php(48): RecursiveDirectoryIterator->__construct('', 4096)
#1 C:\\Users\\Samm\\Desktop\\Backend-Team-207\\src\\Team-207-Backend\\vendor\\symfony\\finder\\Finder.php(730): Symfony\\Component\\Finder\\Iterator\\RecursiveDirectoryIterator->__construct('', 4096, false)
#2 C:\\Users\\Samm\\Desktop\\Backend-Team-207\\src\\Team-207-Backend\\vendor\\symfony\\finder\\Finder.php(614): Symfony\\Component\\Finder\\Finder->searchInDirectory('')
#3 C:\\Users\\Samm\\Desktop\\Backend-Team-207\\src\\Team-207-Backend\\vendor\\laravel\\framework\\src\\Illuminate\\Foundation\\Bootstrap\\LoadConfiguration.php(88): Symfony\\Component\\Finder\\Finder->getIterator()
#4 C:\\Users\\Samm\\Desktop\\Backend-Team-207\\src\\Team-207-Backend\\vendor\\laravel\\framework\\src\\Illuminate\\Foundation\\Bootstrap\\LoadConfiguration.php(65): Illuminate\\Foundation\\Bootstrap\\LoadConfiguration->getConfigurationFiles(Object(Illuminate\\Foundation\\Application))
#5 C:\\Users\\Samm\\Desktop\\Backend-Team-207\\src\\Team-207-Backend\\vendor\\laravel\\framework\\src\\Illuminate\\Foundation\\Bootstrap\\LoadConfiguration.php(39): Illuminate\\Foundation\\Bootstrap\\LoadConfiguration->loadConfigurationFiles(Object(Illuminate\\Foundation\\Application), Object(Illuminate\\Config\\Repository))
#6 C:\\Users\\Samm\\Desktop\\Backend-Team-207\\src\\Team-207-Backend\\vendor\\laravel\\framework\\src\\Illuminate\\Foundation\\Application.php(230): Illuminate\\Foundation\\Bootstrap\\LoadConfiguration->bootstrap(Object(Illuminate\\Foundation\\Application))
#7 C:\\Users\\Samm\\Desktop\\Backend-Team-207\\src\\Team-207-Backend\\vendor\\laravel\\framework\\src\\Illuminate\\Foundation\\Console\\Kernel.php(310): Illuminate\\Foundation\\Application->bootstrapWith(Array)
#8 C:\\Users\\Samm\\Desktop\\Backend-Team-207\\src\\Team-207-Backend\\vendor\\laravel\\framework\\src\\Illuminate\\Foundation\\Console\\Kernel.php(127): Illuminate\\Foundation\\Console\\Kernel->bootstrap()
#9 C:\\Users\\Samm\\Desktop\\Backend-Team-207\\src\\Team-207-Backend\\artisan(37): Illuminate\\Foundation\\Console\\Kernel->handle(Object(Symfony\\Component\\Console\\Input\\ArgvInput), Object(Symfony\\Component\\Console\\Output\\ConsoleOutput))
#10 {main}
"} 
[2020-06-19 23:19:20] laravel.EMERGENCY: Unable to create configured logger. Using emergency logger. {"exception":"[object] (InvalidArgumentException(code: 0): Log [] is not defined. at C:\\Users\\Samm\\Desktop\\Backend-Team-207\\src\\Team-207-Backend\\vendor\\laravel\\framework\\src\\Illuminate\\Log\\LogManager.php:192)
[stacktrace]
#0 C:\\Users\\Samm\\Desktop\\Backend-Team-207\\src\\Team-207-Backend\\vendor\\laravel\\framework\\src\\Illuminate\\Log\\LogManager.php(118): Illuminate\\Log\\LogManager->resolve(NULL)
#1 C:\\Users\\Samm\\Desktop\\Backend-Team-207\\src\\Team-207-Backend\\vendor\\laravel\\framework\\src\\Illuminate\\Log\\LogManager.php(98): Illuminate\\Log\\LogManager->get(NULL)
#2 C:\\Users\\Samm\\Desktop\\Backend-Team-207\\src\\Team-207-Backend\\vendor\\laravel\\framework\\src\\Illuminate\\Log\\LogManager.php(547): Illuminate\\Log\\LogManager->driver()
#3 C:\\Users\\Samm\\Desktop\\Backend-Team-207\\src\\Team-207-Backend\\vendor\\laravel\\framework\\src\\Illuminate\\Foundation\\Exceptions\\Handler.php(122): Illuminate\\Log\\LogManager->error('Directory name ...', Array)
#4 C:\\Users\\Samm\\Desktop\\Backend-Team-207\\src\\Team-207-Backend\\app\\Exceptions\\Handler.php(39): Illuminate\\Foundation\\Exceptions\\Handler->report(Object(RuntimeException))
#5 C:\\Users\\Samm\\Desktop\\Backend-Team-207\\src\\Team-207-Backend\\vendor\\laravel\\framework\\src\\Illuminate\\Foundation\\Console\\Kernel.php(366): App\\Exceptions\\Handler->report(Object(RuntimeException))
#6 C:\\Users\\Samm\\Desktop\\Backend-Team-207\\src\\Team-207-Backend\\vendor\\laravel\\framework\\src\\Illuminate\\Foundation\\Console\\Kernel.php(131): Illuminate\\Foundation\\Console\\Kernel->reportException(Object(RuntimeException))
#7 C:\\Users\\Samm\\Desktop\\Backend-Team-207\\src\\Team-207-Backend\\artisan(37): Illuminate\\Foundation\\Console\\Kernel->handle(Object(Symfony\\Component\\Console\\Input\\ArgvInput), Object(Symfony\\Component\\Console\\Output\\ConsoleOutput))
#8 {main}
"} 
[2020-06-19 23:19:20] laravel.ERROR: Directory name must not be empty. {"exception":"[object] (RuntimeException(code: 0): Directory name must not be empty. at C:\\Users\\Samm\\Desktop\\Backend-Team-207\\src\\Team-207-Backend\\vendor\\symfony\\finder\\Iterator\\RecursiveDirectoryIterator.php:48)
[stacktrace]
#0 C:\\Users\\Samm\\Desktop\\Backend-Team-207\\src\\Team-207-Backend\\vendor\\symfony\\finder\\Iterator\\RecursiveDirectoryIterator.php(48): RecursiveDirectoryIterator->__construct('', 4096)
#1 C:\\Users\\Samm\\Desktop\\Backend-Team-207\\src\\Team-207-Backend\\vendor\\symfony\\finder\\Finder.php(730): Symfony\\Component\\Finder\\Iterator\\RecursiveDirectoryIterator->__construct('', 4096, false)
#2 C:\\Users\\Samm\\Desktop\\Backend-Team-207\\src\\Team-207-Backend\\vendor\\symfony\\finder\\Finder.php(614): Symfony\\Component\\Finder\\Finder->searchInDirectory('')
#3 C:\\Users\\Samm\\Desktop\\Backend-Team-207\\src\\Team-207-Backend\\vendor\\laravel\\framework\\src\\Illuminate\\Foundation\\Bootstrap\\LoadConfiguration.php(88): Symfony\\Component\\Finder\\Finder->getIterator()
#4 C:\\Users\\Samm\\Desktop\\Backend-Team-207\\src\\Team-207-Backend\\vendor\\laravel\\framework\\src\\Illuminate\\Foundation\\Bootstrap\\LoadConfiguration.php(65): Illuminate\\Foundation\\Bootstrap\\LoadConfiguration->getConfigurationFiles(Object(Illuminate\\Foundation\\Application))
#5 C:\\Users\\Samm\\Desktop\\Backend-Team-207\\src\\Team-207-Backend\\vendor\\laravel\\framework\\src\\Illuminate\\Foundation\\Bootstrap\\LoadConfiguration.php(39): Illuminate\\Foundation\\Bootstrap\\LoadConfiguration->loadConfigurationFiles(Object(Illuminate\\Foundation\\Application), Object(Illuminate\\Config\\Repository))
#6 C:\\Users\\Samm\\Desktop\\Backend-Team-207\\src\\Team-207-Backend\\vendor\\laravel\\framework\\src\\Illuminate\\Foundation\\Application.php(230): Illuminate\\Foundation\\Bootstrap\\LoadConfiguration->bootstrap(Object(Illuminate\\Foundation\\Application))
#7 C:\\Users\\Samm\\Desktop\\Backend-Team-207\\src\\Team-207-Backend\\vendor\\laravel\\framework\\src\\Illuminate\\Foundation\\Console\\Kernel.php(310): Illuminate\\Foundation\\Application->bootstrapWith(Array)
#8 C:\\Users\\Samm\\Desktop\\Backend-Team-207\\src\\Team-207-Backend\\vendor\\laravel\\framework\\src\\Illuminate\\Foundation\\Console\\Kernel.php(127): Illuminate\\Foundation\\Console\\Kernel->bootstrap()
#9 C:\\Users\\Samm\\Desktop\\Backend-Team-207\\src\\Team-207-Backend\\artisan(37): Illuminate\\Foundation\\Console\\Kernel->handle(Object(Symfony\\Component\\Console\\Input\\ArgvInput), Object(Symfony\\Component\\Console\\Output\\ConsoleOutput))
#10 {main}
"} 
[2020-06-19 23:47:59] laravel.EMERGENCY: Unable to create configured logger. Using emergency logger. {"exception":"[object] (InvalidArgumentException(code: 0): Log [] is not defined. at C:\\Users\\Samm\\Desktop\\Backend-Team-207\\src\\Team-207-Backend\\vendor\\laravel\\framework\\src\\Illuminate\\Log\\LogManager.php:192)
[stacktrace]
#0 C:\\Users\\Samm\\Desktop\\Backend-Team-207\\src\\Team-207-Backend\\vendor\\laravel\\framework\\src\\Illuminate\\Log\\LogManager.php(118): Illuminate\\Log\\LogManager->resolve(NULL)
#1 C:\\Users\\Samm\\Desktop\\Backend-Team-207\\src\\Team-207-Backend\\vendor\\laravel\\framework\\src\\Illuminate\\Log\\LogManager.php(98): Illuminate\\Log\\LogManager->get(NULL)
#2 C:\\Users\\Samm\\Desktop\\Backend-Team-207\\src\\Team-207-Backend\\vendor\\laravel\\framework\\src\\Illuminate\\Log\\LogManager.php(547): Illuminate\\Log\\LogManager->driver()
#3 C:\\Users\\Samm\\Desktop\\Backend-Team-207\\src\\Team-207-Backend\\vendor\\laravel\\framework\\src\\Illuminate\\Foundation\\Exceptions\\Handler.php(122): Illuminate\\Log\\LogManager->error('Directory name ...', Array)
#4 C:\\Users\\Samm\\Desktop\\Backend-Team-207\\src\\Team-207-Backend\\app\\Exceptions\\Handler.php(39): Illuminate\\Foundation\\Exceptions\\Handler->report(Object(RuntimeException))
#5 C:\\Users\\Samm\\Desktop\\Backend-Team-207\\src\\Team-207-Backend\\vendor\\laravel\\framework\\src\\Illuminate\\Foundation\\Console\\Kernel.php(366): App\\Exceptions\\Handler->report(Object(RuntimeException))
#6 C:\\Users\\Samm\\Desktop\\Backend-Team-207\\src\\Team-207-Backend\\vendor\\laravel\\framework\\src\\Illuminate\\Foundation\\Console\\Kernel.php(131): Illuminate\\Foundation\\Console\\Kernel->reportException(Object(RuntimeException))
#7 C:\\Users\\Samm\\Desktop\\Backend-Team-207\\src\\Team-207-Backend\\artisan(37): Illuminate\\Foundation\\Console\\Kernel->handle(Object(Symfony\\Component\\Console\\Input\\ArgvInput), Object(Symfony\\Component\\Console\\Output\\ConsoleOutput))
#8 {main}
"} 
[2020-06-19 23:47:59] laravel.ERROR: Directory name must not be empty. {"exception":"[object] (RuntimeException(code: 0): Directory name must not be empty. at C:\\Users\\Samm\\Desktop\\Backend-Team-207\\src\\Team-207-Backend\\vendor\\symfony\\finder\\Iterator\\RecursiveDirectoryIterator.php:48)
[stacktrace]
#0 C:\\Users\\Samm\\Desktop\\Backend-Team-207\\src\\Team-207-Backend\\vendor\\symfony\\finder\\Iterator\\RecursiveDirectoryIterator.php(48): RecursiveDirectoryIterator->__construct('', 4096)
#1 C:\\Users\\Samm\\Desktop\\Backend-Team-207\\src\\Team-207-Backend\\vendor\\symfony\\finder\\Finder.php(730): Symfony\\Component\\Finder\\Iterator\\RecursiveDirectoryIterator->__construct('', 4096, false)
#2 C:\\Users\\Samm\\Desktop\\Backend-Team-207\\src\\Team-207-Backend\\vendor\\symfony\\finder\\Finder.php(614): Symfony\\Component\\Finder\\Finder->searchInDirectory('')
#3 C:\\Users\\Samm\\Desktop\\Backend-Team-207\\src\\Team-207-Backend\\vendor\\laravel\\framework\\src\\Illuminate\\Foundation\\Bootstrap\\LoadConfiguration.php(88): Symfony\\Component\\Finder\\Finder->getIterator()
#4 C:\\Users\\Samm\\Desktop\\Backend-Team-207\\src\\Team-207-Backend\\vendor\\laravel\\framework\\src\\Illuminate\\Foundation\\Bootstrap\\LoadConfiguration.php(65): Illuminate\\Foundation\\Bootstrap\\LoadConfiguration->getConfigurationFiles(Object(Illuminate\\Foundation\\Application))
#5 C:\\Users\\Samm\\Desktop\\Backend-Team-207\\src\\Team-207-Backend\\vendor\\laravel\\framework\\src\\Illuminate\\Foundation\\Bootstrap\\LoadConfiguration.php(39): Illuminate\\Foundation\\Bootstrap\\LoadConfiguration->loadConfigurationFiles(Object(Illuminate\\Foundation\\Application), Object(Illuminate\\Config\\Repository))
#6 C:\\Users\\Samm\\Desktop\\Backend-Team-207\\src\\Team-207-Backend\\vendor\\laravel\\framework\\src\\Illuminate\\Foundation\\Application.php(230): Illuminate\\Foundation\\Bootstrap\\LoadConfiguration->bootstrap(Object(Illuminate\\Foundation\\Application))
#7 C:\\Users\\Samm\\Desktop\\Backend-Team-207\\src\\Team-207-Backend\\vendor\\laravel\\framework\\src\\Illuminate\\Foundation\\Console\\Kernel.php(310): Illuminate\\Foundation\\Application->bootstrapWith(Array)
#8 C:\\Users\\Samm\\Desktop\\Backend-Team-207\\src\\Team-207-Backend\\vendor\\laravel\\framework\\src\\Illuminate\\Foundation\\Console\\Kernel.php(127): Illuminate\\Foundation\\Console\\Kernel->bootstrap()
#9 C:\\Users\\Samm\\Desktop\\Backend-Team-207\\src\\Team-207-Backend\\artisan(37): Illuminate\\Foundation\\Console\\Kernel->handle(Object(Symfony\\Component\\Console\\Input\\ArgvInput), Object(Symfony\\Component\\Console\\Output\\ConsoleOutput))
#10 {main}
"} 
[2020-06-19 23:48:45] laravel.EMERGENCY: Unable to create configured logger. Using emergency logger. {"exception":"[object] (InvalidArgumentException(code: 0): Log [] is not defined. at C:\\Users\\Samm\\Desktop\\Backend-Team-207\\src\\Team-207-Backend\\vendor\\laravel\\framework\\src\\Illuminate\\Log\\LogManager.php:192)
[stacktrace]
#0 C:\\Users\\Samm\\Desktop\\Backend-Team-207\\src\\Team-207-Backend\\vendor\\laravel\\framework\\src\\Illuminate\\Log\\LogManager.php(118): Illuminate\\Log\\LogManager->resolve(NULL)
#1 C:\\Users\\Samm\\Desktop\\Backend-Team-207\\src\\Team-207-Backend\\vendor\\laravel\\framework\\src\\Illuminate\\Log\\LogManager.php(98): Illuminate\\Log\\LogManager->get(NULL)
#2 C:\\Users\\Samm\\Desktop\\Backend-Team-207\\src\\Team-207-Backend\\vendor\\laravel\\framework\\src\\Illuminate\\Log\\LogManager.php(547): Illuminate\\Log\\LogManager->driver()
#3 C:\\Users\\Samm\\Desktop\\Backend-Team-207\\src\\Team-207-Backend\\vendor\\laravel\\framework\\src\\Illuminate\\Foundation\\Exceptions\\Handler.php(122): Illuminate\\Log\\LogManager->error('Directory name ...', Array)
#4 C:\\Users\\Samm\\Desktop\\Backend-Team-207\\src\\Team-207-Backend\\app\\Exceptions\\Handler.php(39): Illuminate\\Foundation\\Exceptions\\Handler->report(Object(RuntimeException))
#5 C:\\Users\\Samm\\Desktop\\Backend-Team-207\\src\\Team-207-Backend\\vendor\\laravel\\framework\\src\\Illuminate\\Foundation\\Console\\Kernel.php(366): App\\Exceptions\\Handler->report(Object(RuntimeException))
#6 C:\\Users\\Samm\\Desktop\\Backend-Team-207\\src\\Team-207-Backend\\vendor\\laravel\\framework\\src\\Illuminate\\Foundation\\Console\\Kernel.php(131): Illuminate\\Foundation\\Console\\Kernel->reportException(Object(RuntimeException))
#7 C:\\Users\\Samm\\Desktop\\Backend-Team-207\\src\\Team-207-Backend\\artisan(37): Illuminate\\Foundation\\Console\\Kernel->handle(Object(Symfony\\Component\\Console\\Input\\ArgvInput), Object(Symfony\\Component\\Console\\Output\\ConsoleOutput))
#8 {main}
"} 
[2020-06-19 23:48:45] laravel.ERROR: Directory name must not be empty. {"exception":"[object] (RuntimeException(code: 0): Directory name must not be empty. at C:\\Users\\Samm\\Desktop\\Backend-Team-207\\src\\Team-207-Backend\\vendor\\symfony\\finder\\Iterator\\RecursiveDirectoryIterator.php:48)
[stacktrace]
#0 C:\\Users\\Samm\\Desktop\\Backend-Team-207\\src\\Team-207-Backend\\vendor\\symfony\\finder\\Iterator\\RecursiveDirectoryIterator.php(48): RecursiveDirectoryIterator->__construct('', 4096)
#1 C:\\Users\\Samm\\Desktop\\Backend-Team-207\\src\\Team-207-Backend\\vendor\\symfony\\finder\\Finder.php(730): Symfony\\Component\\Finder\\Iterator\\RecursiveDirectoryIterator->__construct('', 4096, false)
#2 C:\\Users\\Samm\\Desktop\\Backend-Team-207\\src\\Team-207-Backend\\vendor\\symfony\\finder\\Finder.php(614): Symfony\\Component\\Finder\\Finder->searchInDirectory('')
#3 C:\\Users\\Samm\\Desktop\\Backend-Team-207\\src\\Team-207-Backend\\vendor\\laravel\\framework\\src\\Illuminate\\Foundation\\Bootstrap\\LoadConfiguration.php(88): Symfony\\Component\\Finder\\Finder->getIterator()
#4 C:\\Users\\Samm\\Desktop\\Backend-Team-207\\src\\Team-207-Backend\\vendor\\laravel\\framework\\src\\Illuminate\\Foundation\\Bootstrap\\LoadConfiguration.php(65): Illuminate\\Foundation\\Bootstrap\\LoadConfiguration->getConfigurationFiles(Object(Illuminate\\Foundation\\Application))
#5 C:\\Users\\Samm\\Desktop\\Backend-Team-207\\src\\Team-207-Backend\\vendor\\laravel\\framework\\src\\Illuminate\\Foundation\\Bootstrap\\LoadConfiguration.php(39): Illuminate\\Foundation\\Bootstrap\\LoadConfiguration->loadConfigurationFiles(Object(Illuminate\\Foundation\\Application), Object(Illuminate\\Config\\Repository))
#6 C:\\Users\\Samm\\Desktop\\Backend-Team-207\\src\\Team-207-Backend\\vendor\\laravel\\framework\\src\\Illuminate\\Foundation\\Application.php(230): Illuminate\\Foundation\\Bootstrap\\LoadConfiguration->bootstrap(Object(Illuminate\\Foundation\\Application))
#7 C:\\Users\\Samm\\Desktop\\Backend-Team-207\\src\\Team-207-Backend\\vendor\\laravel\\framework\\src\\Illuminate\\Foundation\\Console\\Kernel.php(310): Illuminate\\Foundation\\Application->bootstrapWith(Array)
#8 C:\\Users\\Samm\\Desktop\\Backend-Team-207\\src\\Team-207-Backend\\vendor\\laravel\\framework\\src\\Illuminate\\Foundation\\Console\\Kernel.php(127): Illuminate\\Foundation\\Console\\Kernel->bootstrap()
#9 C:\\Users\\Samm\\Desktop\\Backend-Team-207\\src\\Team-207-Backend\\artisan(37): Illuminate\\Foundation\\Console\\Kernel->handle(Object(Symfony\\Component\\Console\\Input\\ArgvInput), Object(Symfony\\Component\\Console\\Output\\ConsoleOutput))
#10 {main}
"} 
